--------------------- 2 clusters ---------------------
N = 10000000, K = 2
Center: (0.500, 0.750) : Size: 4999025
Center: (0.500, 0.250) : Size: 5000975
Iterations: 20

real	0m1.225s
user	0m16.241s
sys	0m1.374s
--------------------- 4 clusters ---------------------
N = 10000000, K = 4
Center: (0.250, 0.750) : Size: 2498778
Center: (0.250, 0.250) : Size: 2501630
Center: (0.750, 0.250) : Size: 2499394
Center: (0.750, 0.750) : Size: 2500198
Iterations: 20

real	0m1.367s
user	0m19.681s
sys	0m1.197s
--------------------- 6 clusters ---------------------
N = 10000000, K = 6
Center: (0.765, 0.839) : Size: 1614892
Center: (0.469, 0.189) : Size: 1409986
Center: (0.840, 0.202) : Size: 1368517
Center: (0.686, 0.532) : Size: 1653538
Center: (0.244, 0.771) : Size: 2241273
Center: (0.160, 0.289) : Size: 1711794
Iterations: 20

real	0m1.204s
user	0m17.087s
sys	0m1.239s
--------------------- 8 clusters ---------------------
N = 10000000, K = 8
Center: (0.245, 0.860) : Size: 1391845
Center: (0.498, 0.197) : Size: 1276164
Center: (0.837, 0.510) : Size: 1179077
Center: (0.498, 0.581) : Size: 1242898
Center: (0.159, 0.529) : Size: 1167119
Center: (0.167, 0.176) : Size: 1181962
Center: (0.765, 0.852) : Size: 1424409
Center: (0.831, 0.166) : Size: 1136526
Iterations: 20

real	0m1.281s
user	0m18.507s
sys	0m1.271s
--------------------- 10 clusters ---------------------
N = 10000000, K = 10
Center: (0.207, 0.850) : Size: 1228139
Center: (0.583, 0.159) : Size: 917263
Center: (0.817, 0.442) : Size: 1075333
Center: (0.499, 0.576) : Size: 1129106
Center: (0.151, 0.529) : Size: 1068263
Center: (0.131, 0.158) : Size: 894874
Center: (0.599, 0.871) : Size: 954806
Center: (0.865, 0.145) : Size: 810581
Center: (0.360, 0.253) : Size: 899209
Center: (0.873, 0.781) : Size: 1022426
Iterations: 20

real	0m1.328s
user	0m19.300s
sys	0m1.294s
--------------------- 12 clusters ---------------------
N = 10000000, K = 12
Center: (0.166, 0.845) : Size: 1037326
Center: (0.496, 0.114) : Size: 788577
Center: (0.621, 0.378) : Size: 775203
Center: (0.435, 0.613) : Size: 858836
Center: (0.126, 0.519) : Size: 877107
Center: (0.141, 0.149) : Size: 898471
Center: (0.845, 0.876) : Size: 794546
Center: (0.833, 0.125) : Size: 826800
Center: (0.333, 0.334) : Size: 721317
Center: (0.804, 0.635) : Size: 870708
Center: (0.514, 0.868) : Size: 893369
Center: (0.888, 0.387) : Size: 657740
Iterations: 20

real	0m1.546s
user	0m23.516s
sys	0m1.378s
--------------------- 14 clusters ---------------------
N = 10000000, K = 14
Center: (0.340, 0.679) : Size: 681020
Center: (0.576, 0.120) : Size: 637507
Center: (0.644, 0.346) : Size: 638009
Center: (0.590, 0.596) : Size: 710865
Center: (0.114, 0.531) : Size: 770679
Center: (0.105, 0.186) : Size: 745565
Center: (0.840, 0.879) : Size: 763613
Center: (0.860, 0.124) : Size: 700381
Center: (0.324, 0.117) : Size: 602391
Center: (0.858, 0.638) : Size: 697161
Center: (0.523, 0.879) : Size: 812829
Center: (0.886, 0.386) : Size: 609045
Center: (0.355, 0.382) : Size: 757896
Center: (0.153, 0.866) : Size: 873039
Iterations: 20

real	0m1.417s
user	0m21.287s
sys	0m1.277s
--------------------- 16 clusters ---------------------
N = 10000000, K = 16
Center: (0.600, 0.643) : Size: 656036
Center: (0.595, 0.129) : Size: 647619
Center: (0.700, 0.373) : Size: 567111
Center: (0.481, 0.402) : Size: 591811
Center: (0.097, 0.521) : Size: 639418
Center: (0.103, 0.155) : Size: 663237
Center: (0.881, 0.867) : Size: 626992
Center: (0.861, 0.115) : Size: 635713
Center: (0.349, 0.118) : Size: 600037
Center: (0.867, 0.611) : Size: 662108
Center: (0.640, 0.882) : Size: 595990
Center: (0.906, 0.355) : Size: 496084
Center: (0.258, 0.352) : Size: 572579
Center: (0.120, 0.846) : Size: 751320
Center: (0.323, 0.633) : Size: 649149
Center: (0.383, 0.879) : Size: 644796
Iterations: 20

real	0m1.471s
user	0m22.120s
sys	0m1.261s
--------------------- 18 clusters ---------------------
N = 10000000, K = 18
Center: (0.622, 0.646) : Size: 625847
Center: (0.620, 0.128) : Size: 613287
Center: (0.716, 0.376) : Size: 526479
Center: (0.516, 0.398) : Size: 533823
Center: (0.122, 0.496) : Size: 504407
Center: (0.107, 0.283) : Size: 446681
Center: (0.883, 0.867) : Size: 616439
Center: (0.870, 0.116) : Size: 597498
Center: (0.383, 0.121) : Size: 581514
Center: (0.875, 0.611) : Size: 626052
Center: (0.645, 0.885) : Size: 574847
Center: (0.910, 0.355) : Size: 470129
Center: (0.316, 0.352) : Size: 503723
Center: (0.127, 0.704) : Size: 520062
Center: (0.365, 0.617) : Size: 600135
Center: (0.396, 0.870) : Size: 645859
Center: (0.133, 0.092) : Size: 483820
Center: (0.136, 0.903) : Size: 529398
Iterations: 20

real	0m1.681s
user	0m26.136s
sys	0m1.231s
--------------------- 20 clusters ---------------------
N = 10000000, K = 20
Center: (0.583, 0.693) : Size: 535072
Center: (0.627, 0.095) : Size: 480210
Center: (0.722, 0.279) : Size: 433012
Center: (0.661, 0.492) : Size: 508567
Center: (0.131, 0.499) : Size: 512879
Center: (0.085, 0.288) : Size: 384746
Center: (0.894, 0.875) : Size: 529126
Center: (0.886, 0.117) : Size: 556229
Center: (0.380, 0.102) : Size: 496299
Center: (0.869, 0.636) : Size: 615061
Center: (0.676, 0.888) : Size: 525972
Center: (0.902, 0.387) : Size: 513695
Center: (0.282, 0.310) : Size: 455916
Center: (0.097, 0.703) : Size: 433940
Center: (0.396, 0.515) : Size: 512556
Center: (0.422, 0.900) : Size: 529735
Center: (0.132, 0.093) : Size: 477778
Center: (0.142, 0.905) : Size: 532734
Center: (0.317, 0.712) : Size: 492562
Center: (0.501, 0.307) : Size: 473911
Iterations: 20

real	0m1.534s
user	0m23.513s
sys	0m1.272s
--------------------- 22 clusters ---------------------
N = 10000000, K = 22
Center: (0.576, 0.683) : Size: 499418
Center: (0.554, 0.107) : Size: 425155
Center: (0.721, 0.289) : Size: 439772
Center: (0.665, 0.499) : Size: 491359
Center: (0.128, 0.488) : Size: 493843
Center: (0.087, 0.281) : Size: 374285
Center: (0.908, 0.883) : Size: 442846
Center: (0.753, 0.087) : Size: 358277
Center: (0.346, 0.106) : Size: 452978
Center: (0.869, 0.651) : Size: 580973
Center: (0.718, 0.872) : Size: 483577
Center: (0.920, 0.148) : Size: 449576
Center: (0.281, 0.312) : Size: 433911
Center: (0.103, 0.688) : Size: 434288
Center: (0.397, 0.505) : Size: 476514
Center: (0.513, 0.892) : Size: 444346
Center: (0.121, 0.092) : Size: 434246
Center: (0.105, 0.896) : Size: 436437
Center: (0.322, 0.690) : Size: 469848
Center: (0.500, 0.317) : Size: 452876
Center: (0.900, 0.414) : Size: 501158
Center: (0.311, 0.897) : Size: 424317
Iterations: 20

real	0m1.586s
user	0m24.650s
sys	0m1.249s
--------------------- 24 clusters ---------------------
N = 10000000, K = 24
Center: (0.603, 0.677) : Size: 480452
Center: (0.601, 0.097) : Size: 375533
Center: (0.736, 0.282) : Size: 418566
Center: (0.693, 0.488) : Size: 445129
Center: (0.100, 0.362) : Size: 416240
Center: (0.075, 0.138) : Size: 378924
Center: (0.908, 0.885) : Size: 433573
Center: (0.795, 0.079) : Size: 333758
Center: (0.406, 0.102) : Size: 379229
Center: (0.874, 0.657) : Size: 552449
Center: (0.719, 0.876) : Size: 467117
Center: (0.930, 0.165) : Size: 393256
Center: (0.295, 0.296) : Size: 437446
Center: (0.129, 0.740) : Size: 420282
Center: (0.281, 0.517) : Size: 403011
Center: (0.517, 0.893) : Size: 442037
Center: (0.224, 0.090) : Size: 333877
Center: (0.099, 0.913) : Size: 356124
Center: (0.371, 0.702) : Size: 453069
Center: (0.474, 0.478) : Size: 427718
Center: (0.906, 0.423) : Size: 463701
Center: (0.308, 0.901) : Size: 412401
Center: (0.520, 0.285) : Size: 409602
Center: (0.093, 0.565) : Size: 366506
Iterations: 20

real	0m1.712s
user	0m26.695s
sys	0m1.205s
--------------------- 26 clusters ---------------------
N = 10000000, K = 26
Center: (0.665, 0.670) : Size: 424424
Center: (0.605, 0.093) : Size: 361815
Center: (0.742, 0.283) : Size: 410137
Center: (0.642, 0.478) : Size: 478922
Center: (0.103, 0.360) : Size: 405162
Center: (0.073, 0.136) : Size: 369272
Center: (0.921, 0.882) : Size: 383152
Center: (0.798, 0.079) : Size: 332865
Center: (0.406, 0.103) : Size: 382373
Center: (0.885, 0.646) : Size: 510082
Center: (0.760, 0.876) : Size: 391134
Center: (0.931, 0.167) : Size: 389071
Center: (0.276, 0.282) : Size: 406440
Center: (0.087, 0.732) : Size: 332862
Center: (0.348, 0.526) : Size: 396728
Center: (0.594, 0.892) : Size: 365878
Center: (0.222, 0.083) : Size: 316465
Center: (0.087, 0.914) : Size: 305554
Center: (0.267, 0.693) : Size: 352143
Center: (0.435, 0.397) : Size: 336226
Center: (0.895, 0.425) : Size: 486136
Center: (0.423, 0.904) : Size: 334147
Center: (0.535, 0.267) : Size: 362319
Center: (0.114, 0.541) : Size: 406536
Center: (0.468, 0.698) : Size: 411265
Center: (0.257, 0.891) : Size: 348892
Iterations: 20

real	0m1.695s
user	0m26.191s
sys	0m1.339s
--------------------- 28 clusters ---------------------
N = 10000000, K = 28
Center: (0.658, 0.671) : Size: 424441
Center: (0.580, 0.094) : Size: 336446
Center: (0.688, 0.287) : Size: 377993
Center: (0.715, 0.479) : Size: 389922
Center: (0.111, 0.420) : Size: 345497
Center: (0.079, 0.084) : Size: 275600
Center: (0.919, 0.897) : Size: 347424
Center: (0.756, 0.100) : Size: 338490
Center: (0.402, 0.098) : Size: 333772
Center: (0.882, 0.693) : Size: 437944
Center: (0.752, 0.884) : Size: 374703
Center: (0.920, 0.103) : Size: 332274
Center: (0.302, 0.311) : Size: 392698
Center: (0.090, 0.754) : Size: 306632
Center: (0.312, 0.511) : Size: 385114
Center: (0.588, 0.888) : Size: 362716
Center: (0.241, 0.106) : Size: 327948
Center: (0.087, 0.921) : Size: 283267
Center: (0.269, 0.701) : Size: 347083
Center: (0.509, 0.476) : Size: 413146
Center: (0.907, 0.502) : Size: 374812
Center: (0.422, 0.901) : Size: 336125
Center: (0.493, 0.279) : Size: 359154
Center: (0.098, 0.582) : Size: 330690
Center: (0.459, 0.692) : Size: 396544
Center: (0.258, 0.897) : Size: 333143
Center: (0.895, 0.304) : Size: 407046
Center: (0.098, 0.256) : Size: 329376
Iterations: 20

real	0m1.765s
user	0m28.116s
sys	0m1.275s
--------------------- 30 clusters ---------------------
N = 10000000, K = 30
Center: (0.559, 0.637) : Size: 368686
Center: (0.622, 0.100) : Size: 306266
Center: (0.713, 0.281) : Size: 349172
Center: (0.679, 0.458) : Size: 383476
Center: (0.111, 0.426) : Size: 342104
Center: (0.071, 0.087) : Size: 255072
Center: (0.914, 0.907) : Size: 330791
Center: (0.780, 0.098) : Size: 301497
Center: (0.345, 0.161) : Size: 273841
Center: (0.737, 0.659) : Size: 373147
Center: (0.748, 0.882) : Size: 371312
Center: (0.928, 0.105) : Size: 302518
Center: (0.293, 0.330) : Size: 371561
Center: (0.086, 0.757) : Size: 293015
Center: (0.316, 0.531) : Size: 370398
Center: (0.590, 0.876) : Size: 377559
Center: (0.224, 0.088) : Size: 291556
Center: (0.087, 0.922) : Size: 279360
Center: (0.249, 0.697) : Size: 306146
Center: (0.478, 0.449) : Size: 353501
Center: (0.895, 0.501) : Size: 409146
Center: (0.427, 0.919) : Size: 296312
Center: (0.511, 0.270) : Size: 358786
Center: (0.095, 0.583) : Size: 316421
Center: (0.420, 0.733) : Size: 337493
Center: (0.258, 0.895) : Size: 338286
Center: (0.903, 0.307) : Size: 378903
Center: (0.099, 0.259) : Size: 334057
Center: (0.460, 0.072) : Size: 268601
Center: (0.912, 0.708) : Size: 361017
Iterations: 20

real	0m1.944s
user	0m31.534s
sys	0m1.358s
--------------------- 32 clusters ---------------------
N = 10000000, K = 32
Center: (0.519, 0.600) : Size: 363249
Center: (0.626, 0.106) : Size: 299212
Center: (0.714, 0.296) : Size: 363737
Center: (0.583, 0.420) : Size: 298946
Center: (0.105, 0.421) : Size: 330960
Center: (0.068, 0.084) : Size: 236516
Center: (0.913, 0.921) : Size: 283022
Center: (0.775, 0.099) : Size: 294613
Center: (0.344, 0.120) : Size: 284133
Center: (0.903, 0.599) : Size: 326939
Center: (0.737, 0.907) : Size: 328466
Center: (0.926, 0.086) : Size: 262798
Center: (0.273, 0.303) : Size: 352847
Center: (0.086, 0.757) : Size: 291868
Center: (0.292, 0.529) : Size: 350449
Center: (0.574, 0.879) : Size: 347784
Center: (0.210, 0.095) : Size: 271000
Center: (0.085, 0.922) : Size: 274193
Center: (0.252, 0.700) : Size: 307221
Center: (0.413, 0.420) : Size: 297493
Center: (0.901, 0.426) : Size: 330540
Center: (0.417, 0.922) : Size: 280660
Center: (0.494, 0.253) : Size: 336377
Center: (0.092, 0.584) : Size: 310277
Center: (0.423, 0.739) : Size: 336125
Center: (0.253, 0.896) : Size: 329090
Center: (0.905, 0.259) : Size: 317661
Center: (0.089, 0.254) : Size: 302042
Center: (0.478, 0.073) : Size: 240920
Center: (0.895, 0.760) : Size: 326537
Center: (0.728, 0.516) : Size: 344495
Center: (0.691, 0.708) : Size: 379830
Iterations: 20

real	0m1.813s
user	0m29.034s
sys	0m1.311s
