Threads = 0
Points = 10000000
Clusters = 64
--------------------- 2 Tasks ---------------------

real	0m8,631s
user	0m16,621s
sys	0m0,181s
--------------------- 4 Tasks ---------------------

real	0m5,870s
user	0m21,829s
sys	0m0,625s
--------------------- 6 Tasks ---------------------

real	0m4,877s
user	0m26,221s
sys	0m1,359s
--------------------- 8 Tasks ---------------------

real	0m4,624s
user	0m32,111s
sys	0m2,530s
--------------------- 10 Tasks ---------------------

real	0m4,329s
user	0m36,346s
sys	0m3,631s
--------------------- 12 Tasks ---------------------

real	0m4,350s
user	0m42,558s
sys	0m5,331s
--------------------- 14 Tasks ---------------------

real	0m6,783s
user	1m11,095s
sys	0m5,945s
--------------------- 16 Tasks ---------------------

real	0m7,178s
user	1m14,419s
sys	0m7,164s
--------------------- 18 Tasks ---------------------

real	0m7,710s
user	1m20,275s
sys	0m7,916s
--------------------- 20 Tasks ---------------------

real	0m8,561s
user	1m29,770s
sys	0m8,494s
Threads = 2
--------------------- 2 Tasks ---------------------

real	0m7,387s
user	0m26,046s
sys	0m0,153s
--------------------- 4 Tasks ---------------------

real	0m5,306s
user	0m34,136s
sys	0m0,550s
--------------------- 6 Tasks ---------------------

real	0m4,589s
user	0m45,938s
sys	0m1,158s
--------------------- 8 Tasks ---------------------

real	0m5,212s
user	0m49,813s
sys	0m2,466s
--------------------- 10 Tasks ---------------------

real	0m5,470s
user	0m55,009s
sys	0m3,962s
--------------------- 12 Tasks ---------------------

real	0m5,749s
user	0m59,249s
sys	0m5,502s
--------------------- 14 Tasks ---------------------

real	0m7,180s
user	1m15,699s
sys	0m6,069s
--------------------- 16 Tasks ---------------------

real	0m8,077s
user	1m25,335s
sys	0m6,952s
--------------------- 18 Tasks ---------------------

real	0m8,632s
user	1m31,300s
sys	0m7,786s
--------------------- 20 Tasks ---------------------

real	0m9,751s
user	1m43,912s
sys	0m8,822s
Threads = 4
--------------------- 2 Tasks ---------------------

real	0m5,679s
user	0m37,322s
sys	0m0,190s
--------------------- 4 Tasks ---------------------

real	0m5,235s
user	0m49,278s
sys	0m0,632s
--------------------- 6 Tasks ---------------------

real	0m4,889s
user	0m49,018s
sys	0m1,190s
--------------------- 8 Tasks ---------------------

real	0m5,262s
user	0m52,835s
sys	0m2,426s
--------------------- 10 Tasks ---------------------

real	0m5,673s
user	0m57,786s
sys	0m4,189s
--------------------- 12 Tasks ---------------------

real	0m6,019s
user	1m2,131s
sys	0m5,736s
--------------------- 14 Tasks ---------------------

real	0m7,680s
user	1m21,724s
sys	0m6,132s
--------------------- 16 Tasks ---------------------

real	0m8,442s
user	1m29,764s
sys	0m6,903s
--------------------- 18 Tasks ---------------------

real	0m9,270s
user	1m38,818s
sys	0m7,980s
--------------------- 20 Tasks ---------------------

real	0m9,920s
user	1m45,622s
sys	0m8,965s
Threads = 6
--------------------- 2 Tasks ---------------------

real	0m4,825s
user	0m48,424s
sys	0m0,182s
--------------------- 4 Tasks ---------------------

real	0m5,661s
user	0m56,813s
sys	0m0,743s
--------------------- 6 Tasks ---------------------

real	0m5,108s
user	0m51,514s
sys	0m1,424s
--------------------- 8 Tasks ---------------------

real	0m5,542s
user	0m56,367s
sys	0m2,454s
--------------------- 10 Tasks ---------------------

real	0m5,901s
user	1m0,652s
sys	0m3,840s
--------------------- 12 Tasks ---------------------

real	0m6,210s
user	1m4,810s
sys	0m5,621s
--------------------- 14 Tasks ---------------------

real	0m8,094s
user	1m26,177s
sys	0m6,461s
--------------------- 16 Tasks ---------------------

real	0m8,842s
user	1m34,322s
sys	0m7,201s
--------------------- 18 Tasks ---------------------

real	0m9,854s
user	1m45,766s
sys	0m8,138s
--------------------- 20 Tasks ---------------------

real	0m11,614s
user	2m4,745s
sys	0m8,751s
Threads = 8
--------------------- 2 Tasks ---------------------

real	0m5,886s
user	0m56,619s
sys	0m0,203s
--------------------- 4 Tasks ---------------------

real	0m5,818s
user	0m58,449s
sys	0m1,016s
--------------------- 6 Tasks ---------------------

real	0m6,692s
user	1m8,675s
sys	0m2,081s
--------------------- 8 Tasks ---------------------

real	0m6,315s
user	1m3,866s
sys	0m3,191s
--------------------- 10 Tasks ---------------------

real	0m6,627s
user	1m8,552s
sys	0m4,656s
--------------------- 12 Tasks ---------------------

real	0m7,341s
user	1m17,289s
sys	0m6,282s
--------------------- 14 Tasks ---------------------

real	0m9,679s
user	1m43,801s
sys	0m7,808s
--------------------- 16 Tasks ---------------------

real	0m10,275s
user	1m50,014s
sys	0m8,452s
--------------------- 18 Tasks ---------------------

real	0m11,494s
user	2m4,088s
sys	0m9,382s
--------------------- 20 Tasks ---------------------

real	0m12,963s
user	2m19,296s
sys	0m11,672s
Threads = 10
--------------------- 2 Tasks ---------------------

real	0m5,890s
user	0m59,386s
sys	0m0,251s
--------------------- 4 Tasks ---------------------

real	0m6,226s
user	1m3,953s
sys	0m0,954s
--------------------- 6 Tasks ---------------------

real	0m6,248s
user	1m4,624s
sys	0m1,838s
--------------------- 8 Tasks ---------------------

real	0m6,132s
user	1m2,188s
sys	0m3,163s
--------------------- 10 Tasks ---------------------

real	0m6,475s
user	1m7,624s
sys	0m3,829s
--------------------- 12 Tasks ---------------------

real	0m7,329s
user	1m17,807s
sys	0m5,772s
--------------------- 14 Tasks ---------------------

real	0m8,772s
user	1m34,236s
sys	0m5,637s
--------------------- 16 Tasks ---------------------

real	0m9,763s
user	1m45,389s
sys	0m6,930s
--------------------- 18 Tasks ---------------------

real	0m10,600s
user	1m53,890s
sys	0m8,831s
--------------------- 20 Tasks ---------------------

real	0m11,969s
user	2m10,194s
sys	0m9,216s
Threads = 12
--------------------- 2 Tasks ---------------------

real	0m5,955s
user	1m0,263s
sys	0m0,207s
--------------------- 4 Tasks ---------------------

real	0m5,107s
user	0m51,750s
sys	0m0,762s
--------------------- 6 Tasks ---------------------

real	0m5,449s
user	0m56,334s
sys	0m1,371s
--------------------- 8 Tasks ---------------------

real	0m5,993s
user	1m1,818s
sys	0m2,651s
--------------------- 10 Tasks ---------------------

real	0m6,621s
user	1m8,825s
sys	0m4,199s
--------------------- 12 Tasks ---------------------

real	0m7,198s
user	1m16,391s
sys	0m5,403s
--------------------- 14 Tasks ---------------------

real	0m8,740s
user	1m34,094s
sys	0m6,431s
--------------------- 16 Tasks ---------------------

real	0m10,051s
user	1m49,190s
sys	0m6,921s
--------------------- 18 Tasks ---------------------

real	0m11,333s
user	2m3,532s
sys	0m8,031s
--------------------- 20 Tasks ---------------------

real	0m12,611s
user	2m17,948s
sys	0m9,055s
