Threads = 0
Points = 10000000
Clusters = 4
--------------------- 2 Tasks ---------------------

real	0m1,308s
user	0m1,932s
sys	0m0,221s
--------------------- 4 Tasks ---------------------

real	0m1,324s
user	0m3,610s
sys	0m0,644s
--------------------- 6 Tasks ---------------------

real	0m1,407s
user	0m5,356s
sys	0m1,346s
--------------------- 8 Tasks ---------------------

real	0m1,574s
user	0m7,458s
sys	0m2,870s
--------------------- 10 Tasks ---------------------

real	0m1,792s
user	0m10,444s
sys	0m4,344s
--------------------- 12 Tasks ---------------------

real	0m1,916s
user	0m13,263s
sys	0m5,630s
--------------------- 14 Tasks ---------------------

real	0m3,303s
user	0m29,141s
sys	0m6,200s
--------------------- 16 Tasks ---------------------

real	0m4,341s
user	0m39,982s
sys	0m7,764s
--------------------- 18 Tasks ---------------------

real	0m4,725s
user	0m43,966s
sys	0m8,473s
--------------------- 20 Tasks ---------------------

real	0m6,118s
user	1m0,018s
sys	0m8,703s
--------------------- 2 Tasks ---------------------

real	0m4,532s
user	0m8,442s
sys	0m0,160s
--------------------- 4 Tasks ---------------------

real	0m3,696s
user	0m13,209s
sys	0m0,589s
--------------------- 6 Tasks ---------------------

real	0m3,264s
user	0m16,355s
sys	0m1,430s
--------------------- 8 Tasks ---------------------

real	0m3,056s
user	0m19,776s
sys	0m2,426s
--------------------- 10 Tasks ---------------------

real	0m3,025s
user	0m23,463s
sys	0m3,834s
--------------------- 12 Tasks ---------------------

real	0m3,268s
user	0m27,993s
sys	0m6,497s
--------------------- 14 Tasks ---------------------

real	0m5,095s
user	0m50,789s
sys	0m6,208s
--------------------- 16 Tasks ---------------------

real	0m5,739s
user	0m57,654s
sys	0m6,867s
--------------------- 18 Tasks ---------------------

real	0m6,552s
user	1m5,968s
sys	0m8,500s
--------------------- 20 Tasks ---------------------

real	0m6,346s
user	1m2,722s
sys	0m9,286s
--------------------- 2 Tasks ---------------------

real	0m18,523s
user	0m36,412s
sys	0m0,186s
--------------------- 4 Tasks ---------------------

real	0m11,451s
user	0m44,199s
sys	0m0,551s
--------------------- 6 Tasks ---------------------

real	0m8,906s
user	0m50,497s
sys	0m1,362s
--------------------- 8 Tasks ---------------------

real	0m8,061s
user	0m59,825s
sys	0m2,390s
--------------------- 10 Tasks ---------------------

real	0m7,454s
user	1m7,688s
sys	0m3,579s
--------------------- 12 Tasks ---------------------

real	0m7,093s
user	1m15,495s
sys	0m5,496s
--------------------- 14 Tasks ---------------------

real	0m10,738s
user	1m58,368s
sys	0m6,425s
--------------------- 16 Tasks ---------------------

real	0m11,495s
user	2m6,738s
sys	0m6,660s
--------------------- 18 Tasks ---------------------

real	0m11,838s
user	2m9,333s
sys	0m8,243s
--------------------- 20 Tasks ---------------------

real	0m12,590s
user	2m17,342s
sys	0m9,198s
