------------N_THREADS = 2------------
N = 10000000, K = 32
Center: (0.519, 0.600) : Size: 363219
Center: (0.626, 0.106) : Size: 299240
Center: (0.714, 0.296) : Size: 363756
Center: (0.583, 0.420) : Size: 298952
Center: (0.105, 0.421) : Size: 330977
Center: (0.068, 0.084) : Size: 236521
Center: (0.913, 0.921) : Size: 282938
Center: (0.775, 0.099) : Size: 294598
Center: (0.344, 0.120) : Size: 284144
Center: (0.903, 0.599) : Size: 326925
Center: (0.737, 0.907) : Size: 328444
Center: (0.926, 0.086) : Size: 262744
Center: (0.273, 0.303) : Size: 352871
Center: (0.086, 0.757) : Size: 291897
Center: (0.292, 0.529) : Size: 350458
Center: (0.574, 0.879) : Size: 347779
Center: (0.210, 0.095) : Size: 271012
Center: (0.085, 0.922) : Size: 274173
Center: (0.252, 0.700) : Size: 307262
Center: (0.413, 0.420) : Size: 297500
Center: (0.901, 0.426) : Size: 330531
Center: (0.417, 0.922) : Size: 280627
Center: (0.494, 0.253) : Size: 336402
Center: (0.092, 0.584) : Size: 310282
Center: (0.423, 0.739) : Size: 336166
Center: (0.253, 0.895) : Size: 329086
Center: (0.905, 0.259) : Size: 317604
Center: (0.089, 0.254) : Size: 302042
Center: (0.478, 0.073) : Size: 240932
Center: (0.895, 0.760) : Size: 326545
Center: (0.728, 0.516) : Size: 344494
Center: (0.691, 0.708) : Size: 379879
Iterations: 20

real	0m7.606s
user	0m14.732s
sys	0m0.024s
------------N_THREADS = 4------------
N = 10000000, K = 32
Center: (0.519, 0.600) : Size: 363219
Center: (0.626, 0.106) : Size: 299213
Center: (0.714, 0.296) : Size: 363733
Center: (0.583, 0.420) : Size: 298938
Center: (0.105, 0.421) : Size: 330963
Center: (0.068, 0.084) : Size: 236519
Center: (0.913, 0.921) : Size: 282988
Center: (0.775, 0.099) : Size: 294611
Center: (0.344, 0.120) : Size: 284128
Center: (0.903, 0.599) : Size: 326944
Center: (0.737, 0.907) : Size: 328474
Center: (0.926, 0.086) : Size: 262763
Center: (0.273, 0.303) : Size: 352856
Center: (0.086, 0.757) : Size: 291901
Center: (0.292, 0.529) : Size: 350434
Center: (0.574, 0.879) : Size: 347796
Center: (0.210, 0.095) : Size: 270999
Center: (0.085, 0.922) : Size: 274200
Center: (0.252, 0.700) : Size: 307251
Center: (0.413, 0.420) : Size: 297492
Center: (0.901, 0.426) : Size: 330538
Center: (0.417, 0.922) : Size: 280678
Center: (0.494, 0.253) : Size: 336383
Center: (0.092, 0.584) : Size: 310270
Center: (0.423, 0.739) : Size: 336149
Center: (0.253, 0.895) : Size: 329102
Center: (0.905, 0.259) : Size: 317631
Center: (0.089, 0.254) : Size: 302035
Center: (0.478, 0.073) : Size: 240920
Center: (0.895, 0.760) : Size: 326525
Center: (0.728, 0.516) : Size: 344495
Center: (0.691, 0.708) : Size: 379852
Iterations: 20

real	0m3.915s
user	0m14.804s
sys	0m0.026s
------------N_THREADS = 6------------
N = 10000000, K = 32
Center: (0.519, 0.600) : Size: 363223
Center: (0.626, 0.106) : Size: 299220
Center: (0.714, 0.296) : Size: 363738
Center: (0.583, 0.420) : Size: 298939
Center: (0.105, 0.421) : Size: 330951
Center: (0.068, 0.084) : Size: 236513
Center: (0.913, 0.921) : Size: 283006
Center: (0.775, 0.099) : Size: 294619
Center: (0.344, 0.120) : Size: 284133
Center: (0.903, 0.599) : Size: 326946
Center: (0.737, 0.907) : Size: 328475
Center: (0.926, 0.086) : Size: 262790
Center: (0.273, 0.303) : Size: 352850
Center: (0.086, 0.757) : Size: 291891
Center: (0.292, 0.529) : Size: 350434
Center: (0.574, 0.879) : Size: 347787
Center: (0.210, 0.095) : Size: 270997
Center: (0.085, 0.922) : Size: 274197
Center: (0.252, 0.700) : Size: 307243
Center: (0.413, 0.420) : Size: 297479
Center: (0.901, 0.426) : Size: 330531
Center: (0.417, 0.922) : Size: 280664
Center: (0.494, 0.253) : Size: 336383
Center: (0.092, 0.584) : Size: 310272
Center: (0.423, 0.739) : Size: 336142
Center: (0.253, 0.895) : Size: 329092
Center: (0.905, 0.259) : Size: 317651
Center: (0.089, 0.254) : Size: 302033
Center: (0.478, 0.073) : Size: 240918
Center: (0.895, 0.760) : Size: 326529
Center: (0.728, 0.516) : Size: 344503
Center: (0.691, 0.708) : Size: 379851
Iterations: 20

real	0m2.725s
user	0m14.948s
sys	0m0.018s
------------N_THREADS = 8------------
N = 10000000, K = 32
Center: (0.519, 0.600) : Size: 363261
Center: (0.626, 0.106) : Size: 299212
Center: (0.714, 0.296) : Size: 363738
Center: (0.583, 0.420) : Size: 298943
Center: (0.105, 0.421) : Size: 330954
Center: (0.068, 0.084) : Size: 236514
Center: (0.913, 0.921) : Size: 283015
Center: (0.775, 0.099) : Size: 294623
Center: (0.344, 0.120) : Size: 284129
Center: (0.903, 0.599) : Size: 326942
Center: (0.737, 0.907) : Size: 328464
Center: (0.926, 0.086) : Size: 262794
Center: (0.273, 0.303) : Size: 352847
Center: (0.086, 0.757) : Size: 291877
Center: (0.292, 0.529) : Size: 350435
Center: (0.574, 0.879) : Size: 347802
Center: (0.210, 0.095) : Size: 271000
Center: (0.085, 0.922) : Size: 274201
Center: (0.252, 0.700) : Size: 307230
Center: (0.413, 0.420) : Size: 297489
Center: (0.901, 0.426) : Size: 330529
Center: (0.417, 0.922) : Size: 280678
Center: (0.494, 0.253) : Size: 336384
Center: (0.092, 0.584) : Size: 310276
Center: (0.423, 0.739) : Size: 336107
Center: (0.253, 0.896) : Size: 329095
Center: (0.905, 0.259) : Size: 317659
Center: (0.089, 0.254) : Size: 302032
Center: (0.478, 0.073) : Size: 240918
Center: (0.895, 0.760) : Size: 326536
Center: (0.728, 0.516) : Size: 344496
Center: (0.691, 0.708) : Size: 379820
Iterations: 20

real	0m2.156s
user	0m15.079s
sys	0m0.061s
------------N_THREADS = 10------------
N = 10000000, K = 32
Center: (0.519, 0.600) : Size: 363244
Center: (0.626, 0.106) : Size: 299213
Center: (0.714, 0.296) : Size: 363738
Center: (0.583, 0.420) : Size: 298940
Center: (0.105, 0.421) : Size: 330957
Center: (0.068, 0.084) : Size: 236513
Center: (0.913, 0.921) : Size: 283015
Center: (0.775, 0.099) : Size: 294622
Center: (0.344, 0.120) : Size: 284129
Center: (0.903, 0.599) : Size: 326947
Center: (0.737, 0.907) : Size: 328464
Center: (0.926, 0.086) : Size: 262794
Center: (0.273, 0.303) : Size: 352853
Center: (0.086, 0.757) : Size: 291870
Center: (0.292, 0.529) : Size: 350444
Center: (0.574, 0.879) : Size: 347787
Center: (0.210, 0.095) : Size: 270999
Center: (0.085, 0.922) : Size: 274195
Center: (0.252, 0.700) : Size: 307225
Center: (0.413, 0.420) : Size: 297488
Center: (0.901, 0.426) : Size: 330552
Center: (0.417, 0.922) : Size: 280662
Center: (0.494, 0.253) : Size: 336381
Center: (0.092, 0.584) : Size: 310277
Center: (0.423, 0.739) : Size: 336123
Center: (0.253, 0.895) : Size: 329088
Center: (0.905, 0.259) : Size: 317658
Center: (0.089, 0.254) : Size: 302037
Center: (0.478, 0.073) : Size: 240917
Center: (0.895, 0.760) : Size: 326541
Center: (0.728, 0.516) : Size: 344499
Center: (0.691, 0.708) : Size: 379828
Iterations: 20

real	0m1.913s
user	0m15.310s
sys	0m0.037s
------------N_THREADS = 12------------
N = 10000000, K = 32
Center: (0.519, 0.600) : Size: 363250
Center: (0.626, 0.106) : Size: 299212
Center: (0.714, 0.296) : Size: 363740
Center: (0.583, 0.420) : Size: 298943
Center: (0.105, 0.421) : Size: 330958
Center: (0.068, 0.084) : Size: 236514
Center: (0.913, 0.921) : Size: 283013
Center: (0.775, 0.099) : Size: 294619
Center: (0.344, 0.120) : Size: 284134
Center: (0.903, 0.599) : Size: 326937
Center: (0.737, 0.907) : Size: 328464
Center: (0.926, 0.086) : Size: 262800
Center: (0.273, 0.303) : Size: 352845
Center: (0.086, 0.757) : Size: 291868
Center: (0.292, 0.529) : Size: 350448
Center: (0.574, 0.879) : Size: 347789
Center: (0.210, 0.095) : Size: 270999
Center: (0.085, 0.922) : Size: 274194
Center: (0.252, 0.700) : Size: 307220
Center: (0.413, 0.420) : Size: 297490
Center: (0.901, 0.426) : Size: 330544
Center: (0.417, 0.922) : Size: 280664
Center: (0.494, 0.253) : Size: 336385
Center: (0.092, 0.584) : Size: 310277
Center: (0.423, 0.739) : Size: 336125
Center: (0.253, 0.896) : Size: 329091
Center: (0.905, 0.259) : Size: 317662
Center: (0.089, 0.254) : Size: 302040
Center: (0.478, 0.073) : Size: 240917
Center: (0.895, 0.760) : Size: 326535
Center: (0.728, 0.516) : Size: 344499
Center: (0.691, 0.708) : Size: 379824
Iterations: 20

real	0m1.488s
user	0m15.084s
sys	0m0.046s
------------N_THREADS = 14------------
N = 10000000, K = 32
Center: (0.519, 0.600) : Size: 363243
Center: (0.626, 0.106) : Size: 299216
Center: (0.714, 0.296) : Size: 363740
Center: (0.583, 0.420) : Size: 298942
Center: (0.105, 0.421) : Size: 330957
Center: (0.068, 0.084) : Size: 236516
Center: (0.913, 0.921) : Size: 283012
Center: (0.775, 0.099) : Size: 294616
Center: (0.344, 0.120) : Size: 284131
Center: (0.903, 0.599) : Size: 326938
Center: (0.737, 0.907) : Size: 328462
Center: (0.926, 0.086) : Size: 262795
Center: (0.273, 0.303) : Size: 352847
Center: (0.086, 0.757) : Size: 291869
Center: (0.292, 0.529) : Size: 350449
Center: (0.574, 0.879) : Size: 347788
Center: (0.210, 0.095) : Size: 271001
Center: (0.085, 0.922) : Size: 274193
Center: (0.252, 0.700) : Size: 307224
Center: (0.413, 0.420) : Size: 297492
Center: (0.901, 0.426) : Size: 330545
Center: (0.417, 0.922) : Size: 280665
Center: (0.494, 0.253) : Size: 336383
Center: (0.092, 0.584) : Size: 310278
Center: (0.423, 0.739) : Size: 336126
Center: (0.253, 0.896) : Size: 329093
Center: (0.905, 0.259) : Size: 317657
Center: (0.089, 0.254) : Size: 302041
Center: (0.478, 0.073) : Size: 240918
Center: (0.895, 0.760) : Size: 326537
Center: (0.728, 0.516) : Size: 344496
Center: (0.691, 0.708) : Size: 379830
Iterations: 20

real	0m1.283s
user	0m15.023s
sys	0m0.049s
------------N_THREADS = 16------------
N = 10000000, K = 32
Center: (0.519, 0.600) : Size: 363237
Center: (0.626, 0.106) : Size: 299218
Center: (0.714, 0.296) : Size: 363738
Center: (0.583, 0.420) : Size: 298945
Center: (0.105, 0.421) : Size: 330958
Center: (0.068, 0.084) : Size: 236515
Center: (0.913, 0.921) : Size: 283014
Center: (0.775, 0.099) : Size: 294614
Center: (0.344, 0.120) : Size: 284133
Center: (0.903, 0.599) : Size: 326940
Center: (0.737, 0.907) : Size: 328464
Center: (0.926, 0.086) : Size: 262792
Center: (0.273, 0.303) : Size: 352844
Center: (0.086, 0.757) : Size: 291870
Center: (0.292, 0.529) : Size: 350445
Center: (0.574, 0.879) : Size: 347776
Center: (0.210, 0.095) : Size: 271000
Center: (0.085, 0.922) : Size: 274195
Center: (0.252, 0.700) : Size: 307234
Center: (0.413, 0.420) : Size: 297491
Center: (0.901, 0.426) : Size: 330544
Center: (0.417, 0.922) : Size: 280658
Center: (0.494, 0.253) : Size: 336375
Center: (0.092, 0.584) : Size: 310276
Center: (0.423, 0.739) : Size: 336132
Center: (0.253, 0.895) : Size: 329091
Center: (0.905, 0.259) : Size: 317659
Center: (0.089, 0.254) : Size: 302042
Center: (0.478, 0.073) : Size: 240922
Center: (0.895, 0.760) : Size: 326544
Center: (0.728, 0.516) : Size: 344492
Center: (0.691, 0.708) : Size: 379842
Iterations: 20

real	0m1.143s
user	0m14.988s
sys	0m0.034s
------------N_THREADS = 18------------
N = 10000000, K = 32
Center: (0.519, 0.600) : Size: 363240
Center: (0.626, 0.106) : Size: 299214
Center: (0.714, 0.296) : Size: 363736
Center: (0.583, 0.420) : Size: 298943
Center: (0.105, 0.421) : Size: 330955
Center: (0.068, 0.084) : Size: 236515
Center: (0.913, 0.921) : Size: 283016
Center: (0.775, 0.099) : Size: 294617
Center: (0.344, 0.120) : Size: 284131
Center: (0.903, 0.599) : Size: 326942
Center: (0.737, 0.907) : Size: 328463
Center: (0.926, 0.086) : Size: 262797
Center: (0.273, 0.303) : Size: 352844
Center: (0.086, 0.757) : Size: 291865
Center: (0.292, 0.529) : Size: 350445
Center: (0.574, 0.879) : Size: 347780
Center: (0.210, 0.095) : Size: 271000
Center: (0.085, 0.922) : Size: 274192
Center: (0.252, 0.700) : Size: 307232
Center: (0.413, 0.420) : Size: 297486
Center: (0.901, 0.426) : Size: 330541
Center: (0.417, 0.922) : Size: 280664
Center: (0.494, 0.253) : Size: 336381
Center: (0.092, 0.584) : Size: 310279
Center: (0.423, 0.739) : Size: 336135
Center: (0.253, 0.896) : Size: 329092
Center: (0.905, 0.259) : Size: 317662
Center: (0.089, 0.254) : Size: 302042
Center: (0.478, 0.073) : Size: 240918
Center: (0.895, 0.760) : Size: 326542
Center: (0.728, 0.516) : Size: 344497
Center: (0.691, 0.708) : Size: 379834
Iterations: 20

real	0m1.287s
user	0m15.816s
sys	0m0.033s
------------N_THREADS = 20------------
N = 10000000, K = 32
Center: (0.519, 0.600) : Size: 363247
Center: (0.626, 0.106) : Size: 299214
Center: (0.714, 0.296) : Size: 363738
Center: (0.583, 0.420) : Size: 298946
Center: (0.105, 0.421) : Size: 330960
Center: (0.068, 0.084) : Size: 236516
Center: (0.913, 0.921) : Size: 283020
Center: (0.775, 0.099) : Size: 294613
Center: (0.344, 0.120) : Size: 284132
Center: (0.903, 0.599) : Size: 326942
Center: (0.737, 0.907) : Size: 328466
Center: (0.926, 0.086) : Size: 262798
Center: (0.273, 0.303) : Size: 352846
Center: (0.086, 0.757) : Size: 291868
Center: (0.292, 0.529) : Size: 350449
Center: (0.574, 0.879) : Size: 347784
Center: (0.210, 0.095) : Size: 271000
Center: (0.085, 0.922) : Size: 274193
Center: (0.252, 0.700) : Size: 307221
Center: (0.413, 0.420) : Size: 297494
Center: (0.901, 0.426) : Size: 330542
Center: (0.417, 0.922) : Size: 280660
Center: (0.494, 0.253) : Size: 336379
Center: (0.092, 0.584) : Size: 310277
Center: (0.423, 0.739) : Size: 336125
Center: (0.253, 0.896) : Size: 329090
Center: (0.905, 0.259) : Size: 317661
Center: (0.089, 0.254) : Size: 302042
Center: (0.478, 0.073) : Size: 240918
Center: (0.895, 0.760) : Size: 326537
Center: (0.728, 0.516) : Size: 344493
Center: (0.691, 0.708) : Size: 379829
Iterations: 20

real	0m1.572s
user	0m18.145s
sys	0m0.060s
------------N_THREADS = 22------------
N = 10000000, K = 32
Center: (0.519, 0.600) : Size: 363240
Center: (0.626, 0.106) : Size: 299215
Center: (0.714, 0.296) : Size: 363737
Center: (0.583, 0.420) : Size: 298947
Center: (0.105, 0.421) : Size: 330956
Center: (0.068, 0.084) : Size: 236514
Center: (0.913, 0.921) : Size: 283017
Center: (0.775, 0.099) : Size: 294622
Center: (0.344, 0.120) : Size: 284131
Center: (0.903, 0.599) : Size: 326941
Center: (0.737, 0.907) : Size: 328466
Center: (0.926, 0.086) : Size: 262795
Center: (0.273, 0.303) : Size: 352842
Center: (0.086, 0.757) : Size: 291871
Center: (0.292, 0.529) : Size: 350447
Center: (0.574, 0.879) : Size: 347783
Center: (0.210, 0.095) : Size: 270999
Center: (0.085, 0.922) : Size: 274194
Center: (0.252, 0.700) : Size: 307225
Center: (0.413, 0.420) : Size: 297483
Center: (0.901, 0.426) : Size: 330546
Center: (0.417, 0.922) : Size: 280663
Center: (0.494, 0.253) : Size: 336381
Center: (0.092, 0.584) : Size: 310276
Center: (0.423, 0.739) : Size: 336131
Center: (0.253, 0.896) : Size: 329091
Center: (0.905, 0.259) : Size: 317661
Center: (0.089, 0.254) : Size: 302042
Center: (0.478, 0.073) : Size: 240917
Center: (0.895, 0.760) : Size: 326540
Center: (0.728, 0.516) : Size: 344495
Center: (0.691, 0.708) : Size: 379832
Iterations: 20

real	0m1.462s
user	0m17.817s
sys	0m0.039s
------------N_THREADS = 24------------
N = 10000000, K = 32
Center: (0.519, 0.600) : Size: 363244
Center: (0.626, 0.106) : Size: 299210
Center: (0.714, 0.296) : Size: 363735
Center: (0.583, 0.420) : Size: 298945
Center: (0.105, 0.421) : Size: 330958
Center: (0.068, 0.084) : Size: 236515
Center: (0.913, 0.921) : Size: 283017
Center: (0.775, 0.099) : Size: 294620
Center: (0.344, 0.120) : Size: 284132
Center: (0.903, 0.599) : Size: 326937
Center: (0.737, 0.907) : Size: 328465
Center: (0.926, 0.086) : Size: 262794
Center: (0.273, 0.303) : Size: 352847
Center: (0.086, 0.757) : Size: 291868
Center: (0.292, 0.529) : Size: 350450
Center: (0.574, 0.879) : Size: 347789
Center: (0.210, 0.095) : Size: 271000
Center: (0.085, 0.922) : Size: 274194
Center: (0.252, 0.700) : Size: 307227
Center: (0.413, 0.420) : Size: 297493
Center: (0.901, 0.426) : Size: 330544
Center: (0.417, 0.922) : Size: 280661
Center: (0.494, 0.253) : Size: 336377
Center: (0.092, 0.584) : Size: 310280
Center: (0.423, 0.739) : Size: 336125
Center: (0.253, 0.896) : Size: 329091
Center: (0.905, 0.259) : Size: 317660
Center: (0.089, 0.254) : Size: 302042
Center: (0.478, 0.073) : Size: 240922
Center: (0.895, 0.760) : Size: 326533
Center: (0.728, 0.516) : Size: 344496
Center: (0.691, 0.708) : Size: 379829
Iterations: 20

real	0m1.395s
user	0m19.934s
sys	0m0.056s
------------N_THREADS = 26------------
N = 10000000, K = 32
Center: (0.519, 0.600) : Size: 363243
Center: (0.626, 0.106) : Size: 299218
Center: (0.714, 0.296) : Size: 363737
Center: (0.583, 0.420) : Size: 298942
Center: (0.105, 0.421) : Size: 330956
Center: (0.068, 0.084) : Size: 236515
Center: (0.913, 0.921) : Size: 283017
Center: (0.775, 0.099) : Size: 294614
Center: (0.344, 0.120) : Size: 284134
Center: (0.903, 0.599) : Size: 326941
Center: (0.737, 0.907) : Size: 328466
Center: (0.926, 0.086) : Size: 262794
Center: (0.273, 0.303) : Size: 352849
Center: (0.086, 0.757) : Size: 291868
Center: (0.292, 0.529) : Size: 350448
Center: (0.574, 0.879) : Size: 347786
Center: (0.210, 0.095) : Size: 271000
Center: (0.085, 0.922) : Size: 274194
Center: (0.252, 0.700) : Size: 307220
Center: (0.413, 0.420) : Size: 297491
Center: (0.901, 0.426) : Size: 330546
Center: (0.417, 0.922) : Size: 280663
Center: (0.494, 0.253) : Size: 336375
Center: (0.092, 0.584) : Size: 310280
Center: (0.423, 0.739) : Size: 336130
Center: (0.253, 0.895) : Size: 329092
Center: (0.905, 0.259) : Size: 317657
Center: (0.089, 0.254) : Size: 302042
Center: (0.478, 0.073) : Size: 240920
Center: (0.895, 0.760) : Size: 326538
Center: (0.728, 0.516) : Size: 344497
Center: (0.691, 0.708) : Size: 379827
Iterations: 20

real	0m1.340s
user	0m21.561s
sys	0m0.041s
------------N_THREADS = 28------------
N = 10000000, K = 32
Center: (0.519, 0.600) : Size: 363244
Center: (0.626, 0.106) : Size: 299218
Center: (0.714, 0.296) : Size: 363738
Center: (0.583, 0.420) : Size: 298943
Center: (0.105, 0.421) : Size: 330958
Center: (0.068, 0.084) : Size: 236515
Center: (0.913, 0.921) : Size: 283017
Center: (0.775, 0.099) : Size: 294615
Center: (0.344, 0.120) : Size: 284135
Center: (0.903, 0.599) : Size: 326939
Center: (0.737, 0.907) : Size: 328464
Center: (0.926, 0.086) : Size: 262793
Center: (0.273, 0.303) : Size: 352849
Center: (0.086, 0.757) : Size: 291869
Center: (0.292, 0.529) : Size: 350449
Center: (0.574, 0.879) : Size: 347787
Center: (0.210, 0.095) : Size: 271000
Center: (0.085, 0.922) : Size: 274194
Center: (0.252, 0.700) : Size: 307221
Center: (0.413, 0.420) : Size: 297494
Center: (0.901, 0.426) : Size: 330544
Center: (0.417, 0.922) : Size: 280662
Center: (0.494, 0.253) : Size: 336377
Center: (0.092, 0.584) : Size: 310279
Center: (0.423, 0.739) : Size: 336128
Center: (0.253, 0.896) : Size: 329091
Center: (0.905, 0.259) : Size: 317658
Center: (0.089, 0.254) : Size: 302041
Center: (0.478, 0.073) : Size: 240920
Center: (0.895, 0.760) : Size: 326538
Center: (0.728, 0.516) : Size: 344493
Center: (0.691, 0.708) : Size: 379827
Iterations: 20

real	1m31.293s
user	0m22.972s
sys	0m0.045s
------------N_THREADS = 30------------
N = 10000000, K = 32
Center: (0.519, 0.600) : Size: 363237
Center: (0.626, 0.106) : Size: 299218
Center: (0.714, 0.296) : Size: 363737
Center: (0.583, 0.420) : Size: 298940
Center: (0.105, 0.421) : Size: 330956
Center: (0.068, 0.084) : Size: 236515
Center: (0.913, 0.921) : Size: 283017
Center: (0.775, 0.099) : Size: 294614
Center: (0.344, 0.120) : Size: 284136
Center: (0.903, 0.599) : Size: 326941
Center: (0.737, 0.907) : Size: 328465
Center: (0.926, 0.086) : Size: 262794
Center: (0.273, 0.303) : Size: 352851
Center: (0.086, 0.757) : Size: 291868
Center: (0.292, 0.529) : Size: 350448
Center: (0.574, 0.879) : Size: 347784
Center: (0.210, 0.095) : Size: 271000
Center: (0.085, 0.922) : Size: 274194
Center: (0.252, 0.700) : Size: 307223
Center: (0.413, 0.420) : Size: 297490
Center: (0.901, 0.426) : Size: 330546
Center: (0.417, 0.922) : Size: 280668
Center: (0.494, 0.253) : Size: 336377
Center: (0.092, 0.584) : Size: 310279
Center: (0.423, 0.739) : Size: 336134
Center: (0.253, 0.896) : Size: 329092
Center: (0.905, 0.259) : Size: 317657
Center: (0.089, 0.254) : Size: 302042
Center: (0.478, 0.073) : Size: 240919
Center: (0.895, 0.760) : Size: 326536
Center: (0.728, 0.516) : Size: 344495
Center: (0.691, 0.708) : Size: 379827
Iterations: 20

real	0m1.221s
user	0m24.584s
sys	0m0.034s
------------N_THREADS = 4------------
N = 10000000, K = 32
Center: (0.519, 0.600) : Size: 363246
Center: (0.626, 0.106) : Size: 299217
Center: (0.714, 0.296) : Size: 363738
Center: (0.583, 0.420) : Size: 298943
Center: (0.105, 0.421) : Size: 330955
Center: (0.068, 0.084) : Size: 236515
Center: (0.913, 0.921) : Size: 283017
Center: (0.775, 0.099) : Size: 294614
Center: (0.344, 0.120) : Size: 284135
Center: (0.903, 0.599) : Size: 326941
Center: (0.737, 0.907) : Size: 328466
Center: (0.926, 0.086) : Size: 262795
Center: (0.273, 0.303) : Size: 352848
Center: (0.086, 0.757) : Size: 291869
Center: (0.292, 0.529) : Size: 350450
Center: (0.574, 0.879) : Size: 347786
Center: (0.210, 0.095) : Size: 270999
Center: (0.085, 0.922) : Size: 274194
Center: (0.252, 0.700) : Size: 307221
Center: (0.413, 0.420) : Size: 297488
Center: (0.901, 0.426) : Size: 330545
Center: (0.417, 0.922) : Size: 280661
Center: (0.494, 0.253) : Size: 336374
Center: (0.092, 0.584) : Size: 310280
Center: (0.423, 0.739) : Size: 336131
Center: (0.253, 0.896) : Size: 329091
Center: (0.905, 0.259) : Size: 317657
Center: (0.089, 0.254) : Size: 302042
Center: (0.478, 0.073) : Size: 240920
Center: (0.895, 0.760) : Size: 326536
Center: (0.728, 0.516) : Size: 344495
Center: (0.691, 0.708) : Size: 379831
Iterations: 20

real	0m1.149s
user	0m25.626s
sys	0m0.069s
------------N_THREADS = 34------------
N = 10000000, K = 32
Center: (0.519, 0.600) : Size: 363239
Center: (0.626, 0.106) : Size: 299209
Center: (0.714, 0.296) : Size: 363736
Center: (0.583, 0.420) : Size: 298942
Center: (0.105, 0.421) : Size: 330957
Center: (0.068, 0.084) : Size: 236515
Center: (0.913, 0.921) : Size: 283015
Center: (0.775, 0.099) : Size: 294621
Center: (0.344, 0.120) : Size: 284133
Center: (0.903, 0.599) : Size: 326938
Center: (0.737, 0.907) : Size: 328461
Center: (0.926, 0.086) : Size: 262794
Center: (0.273, 0.303) : Size: 352848
Center: (0.086, 0.757) : Size: 291868
Center: (0.292, 0.529) : Size: 350449
Center: (0.574, 0.879) : Size: 347791
Center: (0.210, 0.095) : Size: 271000
Center: (0.085, 0.922) : Size: 274194
Center: (0.252, 0.700) : Size: 307226
Center: (0.413, 0.420) : Size: 297490
Center: (0.901, 0.426) : Size: 330543
Center: (0.417, 0.922) : Size: 280666
Center: (0.494, 0.253) : Size: 336377
Center: (0.092, 0.584) : Size: 310280
Center: (0.423, 0.739) : Size: 336131
Center: (0.253, 0.895) : Size: 329092
Center: (0.905, 0.259) : Size: 317660
Center: (0.089, 0.254) : Size: 302042
Center: (0.478, 0.073) : Size: 240920
Center: (0.895, 0.760) : Size: 326533
Center: (0.728, 0.516) : Size: 344499
Center: (0.691, 0.708) : Size: 379831
Iterations: 20

real	0m1.240s
user	0m26.918s
sys	0m0.034s
------------N_THREADS = 36------------
N = 10000000, K = 32
Center: (0.519, 0.600) : Size: 363245
Center: (0.626, 0.106) : Size: 299219
Center: (0.714, 0.296) : Size: 363734
Center: (0.583, 0.420) : Size: 298938
Center: (0.105, 0.421) : Size: 330957
Center: (0.068, 0.084) : Size: 236515
Center: (0.913, 0.921) : Size: 283019
Center: (0.775, 0.099) : Size: 294613
Center: (0.344, 0.120) : Size: 284134
Center: (0.903, 0.599) : Size: 326941
Center: (0.737, 0.907) : Size: 328464
Center: (0.926, 0.086) : Size: 262795
Center: (0.273, 0.303) : Size: 352849
Center: (0.086, 0.757) : Size: 291869
Center: (0.292, 0.529) : Size: 350447
Center: (0.574, 0.879) : Size: 347784
Center: (0.210, 0.095) : Size: 271000
Center: (0.085, 0.922) : Size: 274194
Center: (0.252, 0.700) : Size: 307226
Center: (0.413, 0.420) : Size: 297486
Center: (0.901, 0.426) : Size: 330544
Center: (0.417, 0.922) : Size: 280667
Center: (0.494, 0.253) : Size: 336375
Center: (0.092, 0.584) : Size: 310279
Center: (0.423, 0.739) : Size: 336133
Center: (0.253, 0.895) : Size: 329092
Center: (0.905, 0.259) : Size: 317657
Center: (0.089, 0.254) : Size: 302042
Center: (0.478, 0.073) : Size: 240920
Center: (0.895, 0.760) : Size: 326536
Center: (0.728, 0.516) : Size: 344497
Center: (0.691, 0.708) : Size: 379829
Iterations: 20

real	0m1.044s
user	0m27.960s
sys	0m0.032s
------------N_THREADS = 38------------
N = 10000000, K = 32
Center: (0.519, 0.600) : Size: 363243
Center: (0.626, 0.106) : Size: 299219
Center: (0.714, 0.296) : Size: 363737
Center: (0.583, 0.420) : Size: 298939
Center: (0.105, 0.421) : Size: 330955
Center: (0.068, 0.084) : Size: 236514
Center: (0.913, 0.921) : Size: 283015
Center: (0.775, 0.099) : Size: 294614
Center: (0.344, 0.120) : Size: 284132
Center: (0.903, 0.599) : Size: 326943
Center: (0.737, 0.907) : Size: 328466
Center: (0.926, 0.086) : Size: 262794
Center: (0.273, 0.303) : Size: 352845
Center: (0.086, 0.757) : Size: 291871
Center: (0.292, 0.529) : Size: 350447
Center: (0.574, 0.879) : Size: 347783
Center: (0.210, 0.095) : Size: 271000
Center: (0.085, 0.922) : Size: 274196
Center: (0.252, 0.700) : Size: 307225
Center: (0.413, 0.420) : Size: 297489
Center: (0.901, 0.426) : Size: 330545
Center: (0.417, 0.922) : Size: 280667
Center: (0.494, 0.253) : Size: 336376
Center: (0.092, 0.584) : Size: 310281
Center: (0.423, 0.739) : Size: 336133
Center: (0.253, 0.895) : Size: 329094
Center: (0.905, 0.259) : Size: 317655
Center: (0.089, 0.254) : Size: 302041
Center: (0.478, 0.073) : Size: 240922
Center: (0.895, 0.760) : Size: 326534
Center: (0.728, 0.516) : Size: 344496
Center: (0.691, 0.708) : Size: 379829
Iterations: 20

real	0m1.000s
user	0m28.953s
sys	0m0.032s
------------N_THREADS = 40------------
N = 10000000, K = 32
Center: (0.519, 0.600) : Size: 363244
Center: (0.626, 0.106) : Size: 299213
Center: (0.714, 0.296) : Size: 363735
Center: (0.583, 0.420) : Size: 298944
Center: (0.105, 0.421) : Size: 330955
Center: (0.068, 0.084) : Size: 236515
Center: (0.913, 0.921) : Size: 283018
Center: (0.775, 0.099) : Size: 294619
Center: (0.344, 0.120) : Size: 284131
Center: (0.903, 0.599) : Size: 326938
Center: (0.737, 0.907) : Size: 328465
Center: (0.926, 0.086) : Size: 262794
Center: (0.273, 0.303) : Size: 352849
Center: (0.086, 0.757) : Size: 291870
Center: (0.292, 0.529) : Size: 350447
Center: (0.574, 0.879) : Size: 347785
Center: (0.210, 0.095) : Size: 271000
Center: (0.085, 0.922) : Size: 274197
Center: (0.252, 0.700) : Size: 307220
Center: (0.413, 0.420) : Size: 297492
Center: (0.901, 0.426) : Size: 330541
Center: (0.417, 0.922) : Size: 280673
Center: (0.494, 0.253) : Size: 336377
Center: (0.092, 0.584) : Size: 310279
Center: (0.423, 0.739) : Size: 336129
Center: (0.253, 0.895) : Size: 329093
Center: (0.905, 0.259) : Size: 317659
Center: (0.089, 0.254) : Size: 302042
Center: (0.478, 0.073) : Size: 240921
Center: (0.895, 0.760) : Size: 326535
Center: (0.728, 0.516) : Size: 344493
Center: (0.691, 0.708) : Size: 379827
Iterations: 20

real	0m0.969s
user	0m29.991s
sys	0m0.029s
