--------------------- 2 clusters ---------------------
N = 10000000, K = 2
Center: (0.500, 0.750) : Size: 4999004
Center: (0.500, 0.250) : Size: 5000996
Iterations: 20

real	0m1.598s
user	0m40.795s
sys	0m4.472s
--------------------- 4 clusters ---------------------
N = 10000000, K = 4
Center: (0.250, 0.750) : Size: 2498781
Center: (0.250, 0.250) : Size: 2501626
Center: (0.750, 0.250) : Size: 2499389
Center: (0.750, 0.750) : Size: 2500204
Iterations: 20

real	0m1.506s
user	0m39.349s
sys	0m4.189s
--------------------- 6 clusters ---------------------
N = 10000000, K = 6
Center: (0.765, 0.839) : Size: 1614856
Center: (0.469, 0.189) : Size: 1410097
Center: (0.840, 0.202) : Size: 1368445
Center: (0.686, 0.532) : Size: 1653556
Center: (0.244, 0.771) : Size: 2241368
Center: (0.160, 0.289) : Size: 1711678
Iterations: 20

real	0m1.537s
user	0m40.936s
sys	0m4.144s
--------------------- 8 clusters ---------------------
N = 10000000, K = 8
Center: (0.245, 0.860) : Size: 1391835
Center: (0.498, 0.197) : Size: 1276149
Center: (0.837, 0.510) : Size: 1179082
Center: (0.498, 0.581) : Size: 1242906
Center: (0.159, 0.529) : Size: 1167102
Center: (0.167, 0.176) : Size: 1181973
Center: (0.765, 0.852) : Size: 1424415
Center: (0.831, 0.166) : Size: 1136538
Iterations: 20

real	0m1.804s
user	0m47.675s
sys	0m7.447s
--------------------- 10 clusters ---------------------
N = 10000000, K = 10
Center: (0.207, 0.850) : Size: 1228124
Center: (0.583, 0.159) : Size: 917273
Center: (0.817, 0.442) : Size: 1075344
Center: (0.499, 0.576) : Size: 1129099
Center: (0.151, 0.529) : Size: 1068251
Center: (0.131, 0.158) : Size: 894897
Center: (0.599, 0.871) : Size: 954804
Center: (0.865, 0.145) : Size: 810584
Center: (0.360, 0.253) : Size: 899198
Center: (0.873, 0.781) : Size: 1022426
Iterations: 20

real	0m1.672s
user	0m45.489s
sys	0m4.056s
--------------------- 12 clusters ---------------------
N = 10000000, K = 12
Center: (0.166, 0.845) : Size: 1037322
Center: (0.496, 0.114) : Size: 788575
Center: (0.621, 0.378) : Size: 775211
Center: (0.435, 0.613) : Size: 858831
Center: (0.126, 0.519) : Size: 877106
Center: (0.141, 0.149) : Size: 898473
Center: (0.845, 0.876) : Size: 794544
Center: (0.833, 0.125) : Size: 826807
Center: (0.333, 0.334) : Size: 721323
Center: (0.804, 0.635) : Size: 870701
Center: (0.514, 0.868) : Size: 893364
Center: (0.888, 0.387) : Size: 657743
Iterations: 20

real	0m1.680s
user	0m46.803s
sys	0m4.044s
--------------------- 14 clusters ---------------------
N = 10000000, K = 14
Center: (0.340, 0.679) : Size: 681015
Center: (0.576, 0.120) : Size: 637500
Center: (0.644, 0.346) : Size: 638022
Center: (0.590, 0.596) : Size: 710859
Center: (0.114, 0.531) : Size: 770683
Center: (0.105, 0.186) : Size: 745574
Center: (0.840, 0.879) : Size: 763615
Center: (0.860, 0.124) : Size: 700378
Center: (0.324, 0.117) : Size: 602397
Center: (0.858, 0.638) : Size: 697159
Center: (0.523, 0.879) : Size: 812822
Center: (0.886, 0.386) : Size: 609050
Center: (0.355, 0.382) : Size: 757890
Center: (0.153, 0.866) : Size: 873036
Iterations: 20

real	0m1.829s
user	0m50.740s
sys	0m6.094s
--------------------- 16 clusters ---------------------
N = 10000000, K = 16
Center: (0.600, 0.643) : Size: 656040
Center: (0.595, 0.129) : Size: 647618
Center: (0.700, 0.373) : Size: 567113
Center: (0.481, 0.402) : Size: 591808
Center: (0.097, 0.521) : Size: 639425
Center: (0.103, 0.155) : Size: 663241
Center: (0.881, 0.867) : Size: 627000
Center: (0.861, 0.115) : Size: 635711
Center: (0.349, 0.118) : Size: 600036
Center: (0.867, 0.611) : Size: 662108
Center: (0.640, 0.882) : Size: 595989
Center: (0.906, 0.355) : Size: 496084
Center: (0.258, 0.352) : Size: 572576
Center: (0.120, 0.846) : Size: 751313
Center: (0.323, 0.633) : Size: 649143
Center: (0.383, 0.879) : Size: 644795
Iterations: 20

real	0m1.763s
user	0m50.470s
sys	0m4.088s
--------------------- 18 clusters ---------------------
N = 10000000, K = 18
Center: (0.622, 0.646) : Size: 625848
Center: (0.620, 0.128) : Size: 613290
Center: (0.716, 0.376) : Size: 526477
Center: (0.516, 0.398) : Size: 533826
Center: (0.122, 0.496) : Size: 504402
Center: (0.107, 0.283) : Size: 446687
Center: (0.883, 0.867) : Size: 616441
Center: (0.870, 0.116) : Size: 597499
Center: (0.383, 0.121) : Size: 581511
Center: (0.875, 0.611) : Size: 626054
Center: (0.645, 0.885) : Size: 574841
Center: (0.910, 0.355) : Size: 470130
Center: (0.316, 0.352) : Size: 503723
Center: (0.127, 0.704) : Size: 520056
Center: (0.365, 0.617) : Size: 600131
Center: (0.396, 0.870) : Size: 645861
Center: (0.133, 0.092) : Size: 483818
Center: (0.136, 0.903) : Size: 529405
Iterations: 20

real	0m1.796s
user	0m51.241s
sys	0m4.042s
--------------------- 20 clusters ---------------------
N = 10000000, K = 20
Center: (0.583, 0.693) : Size: 535069
Center: (0.627, 0.095) : Size: 480206
Center: (0.722, 0.279) : Size: 433006
Center: (0.661, 0.492) : Size: 508568
Center: (0.131, 0.499) : Size: 512867
Center: (0.085, 0.288) : Size: 384748
Center: (0.894, 0.875) : Size: 529131
Center: (0.886, 0.117) : Size: 556236
Center: (0.380, 0.102) : Size: 496296
Center: (0.869, 0.636) : Size: 615054
Center: (0.676, 0.888) : Size: 525970
Center: (0.902, 0.387) : Size: 513702
Center: (0.282, 0.310) : Size: 455917
Center: (0.097, 0.703) : Size: 433950
Center: (0.396, 0.515) : Size: 512553
Center: (0.422, 0.900) : Size: 529740
Center: (0.132, 0.093) : Size: 477777
Center: (0.142, 0.905) : Size: 532738
Center: (0.317, 0.712) : Size: 492564
Center: (0.501, 0.307) : Size: 473908
Iterations: 20

real	0m1.935s
user	0m54.684s
sys	0m4.778s
--------------------- 22 clusters ---------------------
N = 10000000, K = 22
Center: (0.576, 0.683) : Size: 499423
Center: (0.554, 0.107) : Size: 425155
Center: (0.721, 0.289) : Size: 439770
Center: (0.665, 0.499) : Size: 491355
Center: (0.128, 0.488) : Size: 493842
Center: (0.087, 0.281) : Size: 374285
Center: (0.908, 0.883) : Size: 442850
Center: (0.753, 0.087) : Size: 358276
Center: (0.346, 0.106) : Size: 452975
Center: (0.869, 0.651) : Size: 580977
Center: (0.718, 0.872) : Size: 483577
Center: (0.920, 0.148) : Size: 449574
Center: (0.281, 0.312) : Size: 433909
Center: (0.103, 0.688) : Size: 434288
Center: (0.397, 0.505) : Size: 476508
Center: (0.513, 0.892) : Size: 444348
Center: (0.121, 0.092) : Size: 434252
Center: (0.105, 0.896) : Size: 436439
Center: (0.322, 0.690) : Size: 469844
Center: (0.500, 0.317) : Size: 452874
Center: (0.900, 0.414) : Size: 501164
Center: (0.311, 0.897) : Size: 424315
Iterations: 20

real	0m2.011s
user	0m59.451s
sys	0m3.791s
--------------------- 24 clusters ---------------------
N = 10000000, K = 24
Center: (0.603, 0.677) : Size: 480450
Center: (0.601, 0.097) : Size: 375536
Center: (0.736, 0.282) : Size: 418568
Center: (0.693, 0.488) : Size: 445125
Center: (0.100, 0.362) : Size: 416237
Center: (0.075, 0.138) : Size: 378923
Center: (0.908, 0.885) : Size: 433576
Center: (0.795, 0.079) : Size: 333767
Center: (0.406, 0.102) : Size: 379226
Center: (0.874, 0.657) : Size: 552446
Center: (0.719, 0.876) : Size: 467122
Center: (0.930, 0.165) : Size: 393245
Center: (0.295, 0.296) : Size: 437441
Center: (0.129, 0.740) : Size: 420280
Center: (0.281, 0.517) : Size: 403015
Center: (0.517, 0.893) : Size: 442039
Center: (0.224, 0.090) : Size: 333876
Center: (0.099, 0.913) : Size: 356132
Center: (0.371, 0.702) : Size: 453067
Center: (0.474, 0.478) : Size: 427717
Center: (0.906, 0.423) : Size: 463703
Center: (0.308, 0.901) : Size: 412401
Center: (0.520, 0.285) : Size: 409602
Center: (0.093, 0.565) : Size: 366506
Iterations: 20

real	0m2.098s
user	1m2.959s
sys	0m4.064s
--------------------- 26 clusters ---------------------
N = 10000000, K = 26
Center: (0.665, 0.670) : Size: 424415
Center: (0.605, 0.093) : Size: 361822
Center: (0.742, 0.283) : Size: 410132
Center: (0.642, 0.478) : Size: 478916
Center: (0.103, 0.360) : Size: 405150
Center: (0.073, 0.136) : Size: 369270
Center: (0.921, 0.882) : Size: 383152
Center: (0.798, 0.079) : Size: 332872
Center: (0.406, 0.103) : Size: 382364
Center: (0.885, 0.646) : Size: 510079
Center: (0.760, 0.876) : Size: 391130
Center: (0.931, 0.167) : Size: 389055
Center: (0.276, 0.282) : Size: 406456
Center: (0.087, 0.732) : Size: 332868
Center: (0.348, 0.526) : Size: 396728
Center: (0.594, 0.892) : Size: 365878
Center: (0.222, 0.083) : Size: 316473
Center: (0.087, 0.914) : Size: 305560
Center: (0.267, 0.693) : Size: 352144
Center: (0.435, 0.397) : Size: 336220
Center: (0.895, 0.425) : Size: 486134
Center: (0.423, 0.904) : Size: 334160
Center: (0.535, 0.267) : Size: 362306
Center: (0.114, 0.541) : Size: 406538
Center: (0.468, 0.698) : Size: 411282
Center: (0.257, 0.891) : Size: 348896
Iterations: 20

real	0m1.996s
user	0m59.019s
sys	0m4.241s
--------------------- 28 clusters ---------------------
N = 10000000, K = 28
Center: (0.658, 0.671) : Size: 424439
Center: (0.580, 0.094) : Size: 336449
Center: (0.688, 0.287) : Size: 377990
Center: (0.715, 0.479) : Size: 389922
Center: (0.111, 0.420) : Size: 345500
Center: (0.079, 0.084) : Size: 275599
Center: (0.919, 0.897) : Size: 347427
Center: (0.756, 0.100) : Size: 338494
Center: (0.402, 0.098) : Size: 333773
Center: (0.882, 0.693) : Size: 437944
Center: (0.752, 0.884) : Size: 374705
Center: (0.920, 0.103) : Size: 332269
Center: (0.302, 0.311) : Size: 392700
Center: (0.090, 0.754) : Size: 306637
Center: (0.312, 0.511) : Size: 385111
Center: (0.588, 0.888) : Size: 362715
Center: (0.241, 0.106) : Size: 327950
Center: (0.087, 0.921) : Size: 283269
Center: (0.269, 0.701) : Size: 347086
Center: (0.509, 0.476) : Size: 413153
Center: (0.907, 0.502) : Size: 374809
Center: (0.422, 0.901) : Size: 336127
Center: (0.493, 0.279) : Size: 359143
Center: (0.098, 0.582) : Size: 330689
Center: (0.459, 0.692) : Size: 396545
Center: (0.258, 0.897) : Size: 333140
Center: (0.895, 0.304) : Size: 407043
Center: (0.098, 0.256) : Size: 329372
Iterations: 20

real	0m2.282s
user	1m9.584s
sys	0m4.725s
--------------------- 30 clusters ---------------------
N = 10000000, K = 30
Center: (0.559, 0.637) : Size: 368689
Center: (0.622, 0.100) : Size: 306270
Center: (0.713, 0.281) : Size: 349171
Center: (0.679, 0.458) : Size: 383471
Center: (0.111, 0.426) : Size: 342098
Center: (0.071, 0.087) : Size: 255072
Center: (0.914, 0.907) : Size: 330788
Center: (0.780, 0.098) : Size: 301499
Center: (0.345, 0.161) : Size: 273840
Center: (0.737, 0.659) : Size: 373165
Center: (0.748, 0.882) : Size: 371300
Center: (0.928, 0.105) : Size: 302517
Center: (0.293, 0.330) : Size: 371556
Center: (0.086, 0.757) : Size: 293021
Center: (0.316, 0.531) : Size: 370402
Center: (0.590, 0.876) : Size: 377567
Center: (0.224, 0.088) : Size: 291556
Center: (0.087, 0.922) : Size: 279362
Center: (0.249, 0.697) : Size: 306138
Center: (0.478, 0.449) : Size: 353491
Center: (0.895, 0.501) : Size: 409143
Center: (0.427, 0.919) : Size: 296316
Center: (0.511, 0.270) : Size: 358783
Center: (0.095, 0.583) : Size: 316422
Center: (0.420, 0.733) : Size: 337495
Center: (0.258, 0.895) : Size: 338291
Center: (0.903, 0.307) : Size: 378905
Center: (0.099, 0.259) : Size: 334054
Center: (0.460, 0.072) : Size: 268601
Center: (0.912, 0.708) : Size: 361017
Iterations: 20

real	0m2.095s
user	1m3.393s
sys	0m4.329s
--------------------- 32 clusters ---------------------
N = 10000000, K = 32
Center: (0.519, 0.600) : Size: 363249
Center: (0.626, 0.106) : Size: 299210
Center: (0.714, 0.296) : Size: 363736
Center: (0.583, 0.420) : Size: 298945
Center: (0.105, 0.421) : Size: 330955
Center: (0.068, 0.084) : Size: 236515
Center: (0.913, 0.921) : Size: 283020
Center: (0.775, 0.099) : Size: 294620
Center: (0.344, 0.120) : Size: 284132
Center: (0.903, 0.599) : Size: 326937
Center: (0.737, 0.907) : Size: 328468
Center: (0.926, 0.086) : Size: 262794
Center: (0.273, 0.303) : Size: 352848
Center: (0.086, 0.757) : Size: 291869
Center: (0.292, 0.529) : Size: 350446
Center: (0.574, 0.879) : Size: 347787
Center: (0.210, 0.095) : Size: 271000
Center: (0.085, 0.922) : Size: 274194
Center: (0.252, 0.700) : Size: 307220
Center: (0.413, 0.420) : Size: 297494
Center: (0.901, 0.426) : Size: 330540
Center: (0.417, 0.922) : Size: 280674
Center: (0.494, 0.253) : Size: 336375
Center: (0.092, 0.584) : Size: 310280
Center: (0.423, 0.739) : Size: 336121
Center: (0.253, 0.895) : Size: 329095
Center: (0.905, 0.259) : Size: 317658
Center: (0.089, 0.254) : Size: 302042
Center: (0.478, 0.073) : Size: 240920
Center: (0.895, 0.760) : Size: 326536
Center: (0.728, 0.516) : Size: 344494
Center: (0.691, 0.708) : Size: 379826
Iterations: 20

real	0m2.134s
user	1m4.738s
sys	0m4.196s
