--------------------- 2 clusters ---------------------
N = 10000000, K = 2
Center: (0.500, 0.750) : Size: 4999019
Center: (0.500, 0.250) : Size: 5000981
Iterations: 20

real	0m1.250s
user	0m9.063s
--------------------- 4 clusters ---------------------
N = 10000000, K = 4
Center: (0.250, 0.750) : Size: 2498767
Center: (0.250, 0.250) : Size: 2501628
Center: (0.750, 0.250) : Size: 2499387
Center: (0.750, 0.750) : Size: 2500218
Iterations: 20

real	0m1.222s
user	0m8.958s
sys	0m0.591s
--------------------- 6 clusters ---------------------
N = 10000000, K = 6
Center: (0.765, 0.839) : Size: 1614970
Center: (0.469, 0.189) : Size: 1409847
Center: (0.840, 0.202) : Size: 1368653
Center: (0.686, 0.532) : Size: 1653503
Center: (0.244, 0.771) : Size: 2241119
Center: (0.160, 0.289) : Size: 1711908
Iterations: 20

real	0m1.285s
user	0m9.806s
sys	0m0.507s
--------------------- 8 clusters ---------------------
N = 10000000, K = 8
Center: (0.245, 0.860) : Size: 1391829
Center: (0.498, 0.197) : Size: 1276163
Center: (0.837, 0.510) : Size: 1179070
Center: (0.498, 0.581) : Size: 1242921
Center: (0.159, 0.529) : Size: 1167124
Center: (0.167, 0.176) : Size: 1181977
Center: (0.765, 0.852) : Size: 1424391
Center: (0.831, 0.166) : Size: 1136525
Iterations: 20

real	0m1.384s
user	0m10.773s
sys	0m0.523s
--------------------- 10 clusters ---------------------
N = 10000000, K = 10
Center: (0.207, 0.850) : Size: 1228134
Center: (0.583, 0.159) : Size: 917271
Center: (0.817, 0.442) : Size: 1075324
Center: (0.499, 0.576) : Size: 1129127
Center: (0.151, 0.529) : Size: 1068276
Center: (0.131, 0.158) : Size: 894881
Center: (0.599, 0.871) : Size: 954806
Center: (0.865, 0.145) : Size: 810572
Center: (0.360, 0.253) : Size: 899213
Center: (0.873, 0.781) : Size: 1022396
Iterations: 20

real	0m1.479s
user	0m11.666s
sys	0m0.573s
--------------------- 12 clusters ---------------------
N = 10000000, K = 12
Center: (0.166, 0.845) : Size: 1037334
Center: (0.496, 0.114) : Size: 788568
Center: (0.621, 0.378) : Size: 775210
Center: (0.435, 0.613) : Size: 858845
Center: (0.126, 0.519) : Size: 877106
Center: (0.141, 0.149) : Size: 898480
Center: (0.845, 0.876) : Size: 794526
Center: (0.833, 0.125) : Size: 826795
Center: (0.333, 0.334) : Size: 721329
Center: (0.804, 0.635) : Size: 870708
Center: (0.514, 0.868) : Size: 893366
Center: (0.888, 0.387) : Size: 657733
Iterations: 20

real	0m1.749s
user	0m14.251s
sys	0m0.541s
--------------------- 14 clusters ---------------------
N = 10000000, K = 14
Center: (0.340, 0.679) : Size: 681032
Center: (0.576, 0.120) : Size: 637502
Center: (0.644, 0.346) : Size: 638025
Center: (0.590, 0.596) : Size: 710851
Center: (0.114, 0.531) : Size: 770694
Center: (0.105, 0.186) : Size: 745587
Center: (0.840, 0.879) : Size: 763593
Center: (0.860, 0.124) : Size: 700368
Center: (0.324, 0.117) : Size: 602392
Center: (0.858, 0.638) : Size: 697165
Center: (0.523, 0.879) : Size: 812818
Center: (0.886, 0.386) : Size: 609029
Center: (0.355, 0.382) : Size: 757895
Center: (0.153, 0.866) : Size: 873049
Iterations: 20

real	0m1.672s
user	0m13.662s
sys	0m0.506s
--------------------- 16 clusters ---------------------
N = 10000000, K = 16
Center: (0.600, 0.643) : Size: 656049
Center: (0.595, 0.129) : Size: 647612
Center: (0.700, 0.373) : Size: 567117
Center: (0.481, 0.402) : Size: 591814
Center: (0.097, 0.521) : Size: 639429
Center: (0.103, 0.155) : Size: 663242
Center: (0.881, 0.867) : Size: 626993
Center: (0.861, 0.115) : Size: 635699
Center: (0.349, 0.118) : Size: 600049
Center: (0.867, 0.611) : Size: 662096
Center: (0.640, 0.882) : Size: 595976
Center: (0.906, 0.355) : Size: 496070
Center: (0.258, 0.352) : Size: 572586
Center: (0.120, 0.846) : Size: 751321
Center: (0.323, 0.633) : Size: 649152
Center: (0.383, 0.879) : Size: 644795
Iterations: 20

real	0m1.754s
user	0m14.458s
sys	0m0.487s
--------------------- 18 clusters ---------------------
N = 10000000, K = 18
Center: (0.622, 0.646) : Size: 625860
Center: (0.620, 0.128) : Size: 613288
Center: (0.716, 0.376) : Size: 526475
Center: (0.516, 0.398) : Size: 533835
Center: (0.122, 0.496) : Size: 504408
Center: (0.107, 0.283) : Size: 446691
Center: (0.883, 0.867) : Size: 616449
Center: (0.870, 0.116) : Size: 597475
Center: (0.383, 0.121) : Size: 581523
Center: (0.875, 0.611) : Size: 626040
Center: (0.645, 0.885) : Size: 574829
Center: (0.910, 0.355) : Size: 470116
Center: (0.316, 0.352) : Size: 503727
Center: (0.127, 0.704) : Size: 520062
Center: (0.365, 0.617) : Size: 600142
Center: (0.396, 0.870) : Size: 645857
Center: (0.133, 0.092) : Size: 483822
Center: (0.136, 0.903) : Size: 529401
Iterations: 20

real	0m2.023s
user	0m17.045s
sys	0m0.542s
--------------------- 20 clusters ---------------------
N = 10000000, K = 20
Center: (0.583, 0.693) : Size: 535063
Center: (0.627, 0.095) : Size: 480216
Center: (0.722, 0.279) : Size: 433018
Center: (0.661, 0.492) : Size: 508576
Center: (0.131, 0.499) : Size: 512855
Center: (0.085, 0.288) : Size: 384746
Center: (0.894, 0.875) : Size: 529129
Center: (0.886, 0.117) : Size: 556234
Center: (0.380, 0.102) : Size: 496299
Center: (0.869, 0.636) : Size: 615052
Center: (0.676, 0.888) : Size: 525982
Center: (0.902, 0.387) : Size: 513682
Center: (0.282, 0.310) : Size: 455919
Center: (0.097, 0.703) : Size: 433963
Center: (0.396, 0.515) : Size: 512553
Center: (0.422, 0.900) : Size: 529736
Center: (0.132, 0.093) : Size: 477770
Center: (0.141, 0.905) : Size: 532740
Center: (0.317, 0.712) : Size: 492559
Center: (0.501, 0.307) : Size: 473908
Iterations: 20

real	0m1.916s
user	0m16.059s
sys	0m0.523s
--------------------- 22 clusters ---------------------
N = 10000000, K = 22
Center: (0.576, 0.683) : Size: 499423
Center: (0.554, 0.107) : Size: 425157
Center: (0.721, 0.289) : Size: 439778
Center: (0.665, 0.499) : Size: 491362
Center: (0.128, 0.488) : Size: 493834
Center: (0.087, 0.281) : Size: 374285
Center: (0.908, 0.883) : Size: 442835
Center: (0.753, 0.087) : Size: 358276
Center: (0.346, 0.106) : Size: 452966
Center: (0.869, 0.651) : Size: 580978
Center: (0.718, 0.872) : Size: 483584
Center: (0.920, 0.148) : Size: 449574
Center: (0.281, 0.312) : Size: 433910
Center: (0.103, 0.688) : Size: 434299
Center: (0.397, 0.505) : Size: 476513
Center: (0.513, 0.892) : Size: 444349
Center: (0.121, 0.092) : Size: 434242
Center: (0.105, 0.896) : Size: 436446
Center: (0.322, 0.690) : Size: 469850
Center: (0.500, 0.317) : Size: 452878
Center: (0.900, 0.414) : Size: 501148
Center: (0.311, 0.897) : Size: 424313
Iterations: 20

real	0m2.082s
user	0m16.823s
sys	0m0.530s
--------------------- 24 clusters ---------------------
N = 10000000, K = 24
Center: (0.603, 0.677) : Size: 480452
Center: (0.601, 0.097) : Size: 375539
Center: (0.736, 0.282) : Size: 418563
Center: (0.693, 0.488) : Size: 445128
Center: (0.100, 0.362) : Size: 416228
Center: (0.075, 0.138) : Size: 378923
Center: (0.908, 0.885) : Size: 433563
Center: (0.795, 0.079) : Size: 333753
Center: (0.406, 0.102) : Size: 379215
Center: (0.874, 0.657) : Size: 552453
Center: (0.719, 0.876) : Size: 467130
Center: (0.930, 0.165) : Size: 393255
Center: (0.295, 0.296) : Size: 437444
Center: (0.129, 0.740) : Size: 420292
Center: (0.281, 0.517) : Size: 403023
Center: (0.517, 0.893) : Size: 442039
Center: (0.224, 0.090) : Size: 333878
Center: (0.099, 0.913) : Size: 356136
Center: (0.371, 0.702) : Size: 453063
Center: (0.474, 0.478) : Size: 427715
Center: (0.906, 0.423) : Size: 463703
Center: (0.308, 0.901) : Size: 412400
Center: (0.520, 0.285) : Size: 409611
Center: (0.093, 0.565) : Size: 366494
Iterations: 20

real	0m2.168s
user	0m18.661s
sys	0m0.495s
--------------------- 26 clusters ---------------------
N = 10000000, K = 26
Center: (0.665, 0.670) : Size: 424415
Center: (0.605, 0.093) : Size: 361817
Center: (0.742, 0.283) : Size: 410142
Center: (0.642, 0.478) : Size: 478950
Center: (0.103, 0.360) : Size: 405156
Center: (0.073, 0.136) : Size: 369265
Center: (0.921, 0.882) : Size: 383153
Center: (0.798, 0.079) : Size: 332858
Center: (0.406, 0.103) : Size: 382376
Center: (0.885, 0.646) : Size: 510092
Center: (0.760, 0.876) : Size: 391127
Center: (0.931, 0.167) : Size: 389090
Center: (0.276, 0.282) : Size: 406425
Center: (0.087, 0.732) : Size: 332875
Center: (0.348, 0.526) : Size: 396727
Center: (0.594, 0.892) : Size: 365875
Center: (0.222, 0.083) : Size: 316444
Center: (0.087, 0.914) : Size: 305565
Center: (0.267, 0.693) : Size: 352150
Center: (0.435, 0.397) : Size: 336218
Center: (0.895, 0.425) : Size: 486118
Center: (0.423, 0.904) : Size: 334149
Center: (0.535, 0.267) : Size: 362324
Center: (0.114, 0.541) : Size: 406551
Center: (0.468, 0.698) : Size: 411249
Center: (0.257, 0.891) : Size: 348889
Iterations: 20

real	0m2.177s
user	0m18.689s
sys	0m0.543s
--------------------- 28 clusters ---------------------
N = 10000000, K = 28
Center: (0.658, 0.671) : Size: 424436
Center: (0.580, 0.094) : Size: 336449
Center: (0.688, 0.287) : Size: 377989
Center: (0.715, 0.479) : Size: 389920
Center: (0.111, 0.420) : Size: 345495
Center: (0.079, 0.084) : Size: 275596
Center: (0.919, 0.897) : Size: 347438
Center: (0.756, 0.100) : Size: 338495
Center: (0.402, 0.098) : Size: 333774
Center: (0.882, 0.693) : Size: 437944
Center: (0.752, 0.884) : Size: 374706
Center: (0.920, 0.103) : Size: 332261
Center: (0.302, 0.311) : Size: 392700
Center: (0.090, 0.754) : Size: 306642
Center: (0.312, 0.511) : Size: 385116
Center: (0.588, 0.888) : Size: 362715
Center: (0.241, 0.106) : Size: 327950
Center: (0.087, 0.921) : Size: 283263
Center: (0.269, 0.701) : Size: 347085
Center: (0.509, 0.476) : Size: 413137
Center: (0.907, 0.502) : Size: 374816
Center: (0.422, 0.901) : Size: 336123
Center: (0.493, 0.279) : Size: 359163
Center: (0.098, 0.582) : Size: 330688
Center: (0.459, 0.692) : Size: 396544
Center: (0.258, 0.897) : Size: 333137
Center: (0.895, 0.304) : Size: 407044
Center: (0.098, 0.256) : Size: 329374
Iterations: 20

real	0m2.514s
user	0m21.833s
sys	0m0.579s
--------------------- 30 clusters ---------------------
N = 10000000, K = 30
Center: (0.559, 0.637) : Size: 368673
Center: (0.622, 0.100) : Size: 306269
Center: (0.713, 0.281) : Size: 349176
Center: (0.679, 0.458) : Size: 383476
Center: (0.111, 0.426) : Size: 342099
Center: (0.071, 0.087) : Size: 255067
Center: (0.914, 0.907) : Size: 330789
Center: (0.780, 0.098) : Size: 301500
Center: (0.345, 0.161) : Size: 273844
Center: (0.737, 0.659) : Size: 373162
Center: (0.748, 0.882) : Size: 371311
Center: (0.928, 0.105) : Size: 302513
Center: (0.293, 0.330) : Size: 371559
Center: (0.086, 0.757) : Size: 293013
Center: (0.316, 0.531) : Size: 370397
Center: (0.590, 0.876) : Size: 377554
Center: (0.224, 0.088) : Size: 291550
Center: (0.087, 0.922) : Size: 279360
Center: (0.249, 0.697) : Size: 306142
Center: (0.478, 0.449) : Size: 353503
Center: (0.895, 0.501) : Size: 409152
Center: (0.427, 0.919) : Size: 296313
Center: (0.511, 0.270) : Size: 358791
Center: (0.095, 0.583) : Size: 316428
Center: (0.420, 0.733) : Size: 337494
Center: (0.258, 0.895) : Size: 338280
Center: (0.903, 0.307) : Size: 378905
Center: (0.099, 0.259) : Size: 334060
Center: (0.460, 0.072) : Size: 268602
Center: (0.912, 0.708) : Size: 361018
Iterations: 20

real	0m2.415s
user	0m21.083s
sys	0m0.527s
--------------------- 32 clusters ---------------------
N = 10000000, K = 32
Center: (0.519, 0.600) : Size: 363243
Center: (0.626, 0.106) : Size: 299213
Center: (0.714, 0.296) : Size: 363737
Center: (0.583, 0.420) : Size: 298939
Center: (0.105, 0.421) : Size: 330955
Center: (0.068, 0.084) : Size: 236513
Center: (0.913, 0.921) : Size: 283015
Center: (0.775, 0.099) : Size: 294622
Center: (0.344, 0.120) : Size: 284126
Center: (0.903, 0.599) : Size: 326948
Center: (0.737, 0.907) : Size: 328464
Center: (0.926, 0.086) : Size: 262794
Center: (0.273, 0.303) : Size: 352850
Center: (0.086, 0.757) : Size: 291867
Center: (0.292, 0.529) : Size: 350447
Center: (0.574, 0.879) : Size: 347786
Center: (0.210, 0.095) : Size: 270998
Center: (0.085, 0.922) : Size: 274195
Center: (0.252, 0.700) : Size: 307224
Center: (0.413, 0.420) : Size: 297490
Center: (0.901, 0.426) : Size: 330552
Center: (0.417, 0.922) : Size: 280662
Center: (0.494, 0.253) : Size: 336381
Center: (0.092, 0.584) : Size: 310281
Center: (0.423, 0.739) : Size: 336123
Center: (0.253, 0.895) : Size: 329089
Center: (0.905, 0.259) : Size: 317658
Center: (0.089, 0.254) : Size: 302038
Center: (0.478, 0.073) : Size: 240921
Center: (0.895, 0.760) : Size: 326542
Center: (0.728, 0.516) : Size: 344498
Center: (0.691, 0.708) : Size: 379829
Iterations: 20

real	0m2.604s
user	0m22.798s
sys	0m0.545s
